<?xml version="1.0" encoding="UTF-8"?>
<!-- Generated by org.testng.reporters.JUnitReportReporter -->
<testsuite skipped="0" hostname="LAPTOP-I2DQ2R0M" name="Files.Spellchecker" tests="1" failures="0" timestamp="30 Mar 2020 07:48:39 GMT" time="14.468" errors="0">
  <testcase name="main" time="14.468" classname="Files.Spellchecker"/>
</testsuite> <!-- Files.Spellchecker -->
