<?xml version="1.0" encoding="UTF-8"?>
<!-- Generated by org.testng.reporters.JUnitReportReporter -->
<testsuite skipped="0" hostname="LAPTOP-I2DQ2R0M" name="Files.ExtentDemo" tests="1" failures="0" timestamp="23 Apr 2020 08:18:34 GMT" time="19.447" errors="0">
  <testcase name="extentReportsDemo" time="19.447" classname="Files.ExtentDemo"/>
</testsuite> <!-- Files.ExtentDemo -->
